<?xml version="1.0" encoding="UTF-8"?>
<testsuite name="com.wakaleo.gameoflife.webtests.controllers.WhenDisplayingTheHomePage" tests="2" skipped="0" failures="0" errors="0" timestamp="2016-06-30T19:29:32" hostname="IBM801-PC0CRMUX" time="0.0">
  <properties/>
  <testcase name="theHomeUrlShouldDisplayTheHomePage" classname="com.wakaleo.gameoflife.webtests.controllers.WhenDisplayingTheHomePage" time="0.0"/>
  <testcase name="theIndexUrlShouldDisplayTheHomePage" classname="com.wakaleo.gameoflife.webtests.controllers.WhenDisplayingTheHomePage" time="0.0"/>
  <system-out><![CDATA[]]></system-out>
  <system-err><![CDATA[]]></system-err>
</testsuite>
