<?xml version="1.0" encoding="UTF-8"?>
<testsuite name="com.wakaleo.gameoflife.webtests.controllers.WhenCreatingANewGame" tests="3" skipped="0" failures="0" errors="0" timestamp="2016-06-30T19:29:32" hostname="IBM801-PC0CRMUX" time="0.187">
  <properties/>
  <testcase name="anEmptyUniverseShouldBeAddedToTheSession" classname="com.wakaleo.gameoflife.webtests.controllers.WhenCreatingANewGame" time="0.061"/>
  <testcase name="whenTheUserCreatesTheFirstGenerationAnEmptyUniverseShouldBeAddedToTheSession" classname="com.wakaleo.gameoflife.webtests.controllers.WhenCreatingANewGame" time="0.093"/>
  <testcase name="whenTheUserCreatesTheFirstGenerationTheUniverseDimensionsShouldBeAddedToTheSession" classname="com.wakaleo.gameoflife.webtests.controllers.WhenCreatingANewGame" time="0.033"/>
  <system-out><![CDATA[]]></system-out>
  <system-err><![CDATA[]]></system-err>
</testsuite>
